This file contains any messages produced by compilers while
running configure, to aid debugging if configure makes a mistake.

It was created by gettext configure 0.19.5.1, which was
generated by GNU Autoconf 2.69.  Invocation command line was

  $ ./configure CC=arm-linux-gnueabi-gcc --host=arm-linux-gnueabi --prefix=/usr/OSS/gettest_install

## --------- ##
## Platform. ##
## --------- ##

hostname = g3gdev-mob5szh
uname -m = i686
uname -r = 3.2.0-55-generic-pae
uname -s = Linux
uname -v = #85-Ubuntu SMP Wed Oct 2 14:03:15 UTC 2013

/usr/bin/uname -p = unknown
/bin/uname -X     = unknown

/bin/arch              = unknown
/usr/bin/arch -k       = unknown
/usr/convex/getsysinfo = unknown
/usr/bin/hostinfo      = unknown
/bin/machine           = unknown
/usr/bin/oslevel       = unknown
/bin/universe          = unknown

PATH: /usr/lib/lightdm/lightdm
PATH: /usr/local/sbin
PATH: /usr/local/bin
PATH: /usr/sbin
PATH: /usr/bin
PATH: /sbin
PATH: /bin
PATH: /usr/games


## ----------- ##
## Core tests. ##
## ----------- ##

configure:1956: checking for a BSD-compatible install
configure:2024: result: /usr/bin/install -c
configure:2035: checking whether build environment is sane
configure:2090: result: yes
configure:2149: checking for arm-linux-gnueabi-strip
configure:2165: found /usr/bin/arm-linux-gnueabi-strip
configure:2176: result: arm-linux-gnueabi-strip
configure:2241: checking for a thread-safe mkdir -p
configure:2280: result: /bin/mkdir -p
configure:2287: checking for gawk
configure:2303: found /usr/bin/gawk
configure:2314: result: gawk
configure:2325: checking whether make sets $(MAKE)
configure:2347: result: yes
configure:2376: checking whether make supports nested variables
configure:2393: result: yes
configure:2538: checking build system type
configure:2552: result: i686-pc-linux-gnu
configure:2572: checking host system type
configure:2585: result: arm-unknown-linux-gnueabi
configure:3248: checking that generated files are newer than configure
configure:3254: result: done
configure:3262: creating ./config.status

## ---------------------- ##
## Running config.status. ##
## ---------------------- ##

This file was extended by gettext config.status 0.19.5.1, which was
generated by GNU Autoconf 2.69.  Invocation command line was

  CONFIG_FILES    = 
  CONFIG_HEADERS  = 
  CONFIG_LINKS    = 
  CONFIG_COMMANDS = 
  $ ./config.status 

on g3gdev-mob5szh

config.status:767: creating Makefile
config.status:767: creating gnulib-local/Makefile
configure:4348: === configuring in gettext-runtime (/usr/OSS/gettext-0.19.5.1/gettext-runtime)
configure:4411: running /bin/sh ./configure --disable-option-checking '--prefix=/usr/OSS/gettest_install'  'CC=arm-linux-gnueabi-gcc' '--host=arm-linux-gnueabi' 'host_alias=arm-linux-gnueabi' --cache-file=/dev/null --srcdir=.
configure:4348: === configuring in gettext-tools (/usr/OSS/gettext-0.19.5.1/gettext-tools)
configure:4411: running /bin/sh ./configure --disable-option-checking '--prefix=/usr/OSS/gettest_install'  'CC=arm-linux-gnueabi-gcc' '--host=arm-linux-gnueabi' 'host_alias=arm-linux-gnueabi' --cache-file=/dev/null --srcdir=.

## ---------------- ##
## Cache variables. ##
## ---------------- ##

ac_cv_build=i686-pc-linux-gnu
ac_cv_env_CC_set=set
ac_cv_env_CC_value=arm-linux-gnueabi-gcc
ac_cv_env_CFLAGS_set=
ac_cv_env_CFLAGS_value=
ac_cv_env_CPPFLAGS_set=
ac_cv_env_CPPFLAGS_value=
ac_cv_env_CPP_set=
ac_cv_env_CPP_value=
ac_cv_env_CXXCPP_set=
ac_cv_env_CXXCPP_value=
ac_cv_env_CXXFLAGS_set=
ac_cv_env_CXXFLAGS_value=
ac_cv_env_CXX_set=
ac_cv_env_CXX_value=
ac_cv_env_EMACSLOADPATH_set=
ac_cv_env_EMACSLOADPATH_value=
ac_cv_env_EMACS_set=
ac_cv_env_EMACS_value=
ac_cv_env_GCJFLAGS_set=
ac_cv_env_GCJFLAGS_value=
ac_cv_env_GCJ_set=
ac_cv_env_GCJ_value=
ac_cv_env_LDFLAGS_set=
ac_cv_env_LDFLAGS_value=
ac_cv_env_LIBS_set=
ac_cv_env_LIBS_value=
ac_cv_env_LT_SYS_LIBRARY_PATH_set=
ac_cv_env_LT_SYS_LIBRARY_PATH_value=
ac_cv_env_YACC_set=
ac_cv_env_YACC_value=
ac_cv_env_YFLAGS_set=
ac_cv_env_YFLAGS_value=
ac_cv_env_build_alias_set=
ac_cv_env_build_alias_value=
ac_cv_env_host_alias_set=set
ac_cv_env_host_alias_value=arm-linux-gnueabi
ac_cv_env_target_alias_set=
ac_cv_env_target_alias_value=
ac_cv_host=arm-unknown-linux-gnueabi
ac_cv_path_install='/usr/bin/install -c'
ac_cv_path_mkdir=/bin/mkdir
ac_cv_prog_AWK=gawk
ac_cv_prog_STRIP=arm-linux-gnueabi-strip
ac_cv_prog_make_make_set=yes
am_cv_make_support_nested_variables=yes

## ----------------- ##
## Output variables. ##
## ----------------- ##

ACLOCAL='${SHELL} /usr/OSS/gettext-0.19.5.1/build-aux/missing aclocal-1.15'
AMTAR='$${TAR-tar}'
AM_BACKSLASH='\'
AM_DEFAULT_V='$(AM_DEFAULT_VERBOSITY)'
AM_DEFAULT_VERBOSITY='1'
AM_V='$(V)'
AUTOCONF='${SHELL} /usr/OSS/gettext-0.19.5.1/build-aux/missing autoconf'
AUTOHEADER='${SHELL} /usr/OSS/gettext-0.19.5.1/build-aux/missing autoheader'
AUTOMAKE='${SHELL} /usr/OSS/gettext-0.19.5.1/build-aux/missing automake-1.15'
AWK='gawk'
CC='arm-linux-gnueabi-gcc'
CFLAGS=''
CPP=''
CPPFLAGS=''
CXX=''
CXXCPP=''
CXXFLAGS=''
CYGPATH_W='echo'
DEFS='-DPACKAGE_NAME=\"gettext\" -DPACKAGE_TARNAME=\"gettext\" -DPACKAGE_VERSION=\"0.19.5.1\" -DPACKAGE_STRING=\"gettext\ 0.19.5.1\" -DPACKAGE_BUGREPORT=\"bug-gnu-gettext@gnu.org\" -DPACKAGE_URL=\"\" -DPACKAGE=\"gettext\" -DVERSION=\"0.19.5.1\"'
ECHO_C=''
ECHO_N='-n'
ECHO_T=''
EMACS=''
EMACSLOADPATH=''
GCJ=''
GCJFLAGS=''
INSTALL_DATA='${INSTALL} -m 644'
INSTALL_PROGRAM='${INSTALL}'
INSTALL_SCRIPT='${INSTALL}'
INSTALL_STRIP_PROGRAM='$(install_sh) -c -s'
LDFLAGS=''
LIBOBJS=''
LIBS=''
LTLIBOBJS=''
LT_SYS_LIBRARY_PATH=''
MAKEINFO='${SHELL} /usr/OSS/gettext-0.19.5.1/build-aux/missing makeinfo'
MKDIR_P='/bin/mkdir -p'
PACKAGE='gettext'
PACKAGE_BUGREPORT='bug-gnu-gettext@gnu.org'
PACKAGE_NAME='gettext'
PACKAGE_STRING='gettext 0.19.5.1'
PACKAGE_TARNAME='gettext'
PACKAGE_URL=''
PACKAGE_VERSION='0.19.5.1'
PATH_SEPARATOR=':'
SET_MAKE=''
SHELL='/bin/sh'
STRIP='arm-linux-gnueabi-strip'
VERSION='0.19.5.1'
YACC=''
YFLAGS=''
am__isrc=''
am__leading_dot='.'
am__tar='${AMTAR} chof - --owner=root --group=root "$$tardir"'
am__untar='$${TAR-tar} xf -'
bindir='${exec_prefix}/bin'
build='i686-pc-linux-gnu'
build_alias=''
build_cpu='i686'
build_os='linux-gnu'
build_vendor='pc'
datadir='${datarootdir}'
datarootdir='${prefix}/share'
docdir='${datarootdir}/doc/${PACKAGE_TARNAME}'
dvidir='${docdir}'
exec_prefix='${prefix}'
host='arm-unknown-linux-gnueabi'
host_alias='arm-linux-gnueabi'
host_cpu='arm'
host_os='linux-gnueabi'
host_vendor='unknown'
htmldir='${docdir}'
includedir='${prefix}/include'
infodir='${datarootdir}/info'
install_sh='${SHELL} /usr/OSS/gettext-0.19.5.1/build-aux/install-sh'
libdir='${exec_prefix}/lib'
libexecdir='${exec_prefix}/libexec'
localedir='${datarootdir}/locale'
localstatedir='${prefix}/var'
mandir='${datarootdir}/man'
mkdir_p='$(MKDIR_P)'
oldincludedir='/usr/include'
pdfdir='${docdir}'
prefix='/usr/OSS/gettest_install'
program_transform_name='s,x,x,'
psdir='${docdir}'
sbindir='${exec_prefix}/sbin'
sharedstatedir='${prefix}/com'
subdirs=' gettext-runtime gettext-tools'
sysconfdir='${prefix}/etc'
target_alias=''

## ----------- ##
## confdefs.h. ##
## ----------- ##

/* confdefs.h */
#define PACKAGE_NAME "gettext"
#define PACKAGE_TARNAME "gettext"
#define PACKAGE_VERSION "0.19.5.1"
#define PACKAGE_STRING "gettext 0.19.5.1"
#define PACKAGE_BUGREPORT "bug-gnu-gettext@gnu.org"
#define PACKAGE_URL ""
#define PACKAGE "gettext"
#define VERSION "0.19.5.1"

configure: exit 0
